0 info it worked if it ends with ok
1 verbose cli [ 'node', '/usr/local/bin/npm', 'start' ]
2 info using npm@3.8.1
3 info using node@v0.12.10
4 verbose run-script [ 'prestart', 'start', 'poststart' ]
5 info lifecycle web-store@1.0.0~prestart: web-store@1.0.0
6 silly lifecycle web-store@1.0.0~prestart: no script for prestart, continuing
7 info lifecycle web-store@1.0.0~start: web-store@1.0.0
8 verbose lifecycle web-store@1.0.0~start: unsafe-perm in lifecycle true
9 verbose lifecycle web-store@1.0.0~start: PATH: /usr/local/lib/node_modules/npm/bin/node-gyp-bin:/Users/subhankar/tradeLeaves/sampleWebStore/webStoreFront/node_modules/.bin:/usr/local/bin:/Library/Frameworks/Python.framework/Versions/2.7/bin:/usr/local/mysql/bin:/usr/local/bin:/usr/bin:/bin:/usr/sbin:/sbin:/opt/X11/bin:/Users/subhankar/.rvm/bin
10 verbose lifecycle web-store@1.0.0~start: CWD: /Users/subhankar/tradeLeaves/sampleWebStore/webStoreFront
11 silly lifecycle web-store@1.0.0~start: Args: [ '-c', 'node bin/server.js' ]
12 silly lifecycle web-store@1.0.0~start: Returned: code: 1  signal: null
13 info lifecycle web-store@1.0.0~start: Failed to exec start script
14 verbose stack Error: web-store@1.0.0 start: `node bin/server.js`
14 verbose stack Exit status 1
14 verbose stack     at EventEmitter.<anonymous> (/usr/local/lib/node_modules/npm/lib/utils/lifecycle.js:239:16)
14 verbose stack     at EventEmitter.emit (events.js:110:17)
14 verbose stack     at ChildProcess.<anonymous> (/usr/local/lib/node_modules/npm/lib/utils/spawn.js:24:14)
14 verbose stack     at ChildProcess.emit (events.js:110:17)
14 verbose stack     at maybeClose (child_process.js:1016:16)
14 verbose stack     at Process.ChildProcess._handle.onexit (child_process.js:1088:5)
15 verbose pkgid web-store@1.0.0
16 verbose cwd /Users/subhankar/tradeLeaves/sampleWebStore/webStoreFront
17 error Darwin 15.3.0
18 error argv "node" "/usr/local/bin/npm" "start"
19 error node v0.12.10
20 error npm  v3.8.1
21 error code ELIFECYCLE
22 error web-store@1.0.0 start: `node bin/server.js`
22 error Exit status 1
23 error Failed at the web-store@1.0.0 start script 'node bin/server.js'.
23 error Make sure you have the latest version of node.js and npm installed.
23 error If you do, this is most likely a problem with the web-store package,
23 error not with npm itself.
23 error Tell the author that this fails on your system:
23 error     node bin/server.js
23 error You can get information on how to open an issue for this project with:
23 error     npm bugs web-store
23 error Or if that isn't available, you can get their info via:
23 error     npm owner ls web-store
23 error There is likely additional logging output above.
24 verbose exit [ 1, true ]
